<?xml version="1.0" encoding="UTF-8"?>
<testng-results skipped="0" failed="0" ignored="0" total="1" passed="1">
  <reporter-output>
  </reporter-output>
  <suite name="Default suite" duration-ms="189288" started-at="2017-09-12T08:49:54Z" finished-at="2017-09-12T08:53:03Z">
    <groups>
    </groups>
    <test name="Default test" duration-ms="189288" started-at="2017-09-12T08:49:54Z" finished-at="2017-09-12T08:53:03Z">
      <class name="tests.NewTest">
        <test-method status="PASS" signature="setup()[pri:0, instance:tests.NewTest@39c0f4a]" name="setup" is-config="true" duration-ms="1291" started-at="2017-09-12T11:49:54Z" finished-at="2017-09-12T11:49:55Z">
          <reporter-output>
          </reporter-output>
        </test-method> <!-- setup -->
        <test-method status="PASS" signature="SourceCodeCheck()[pri:0, instance:tests.NewTest@39c0f4a]" name="SourceCodeCheck" duration-ms="187404" started-at="2017-09-12T11:49:55Z" finished-at="2017-09-12T11:53:03Z">
          <reporter-output>
          </reporter-output>
        </test-method> <!-- SourceCodeCheck -->
        <test-method status="PASS" signature="afterTest()[pri:0, instance:tests.NewTest@39c0f4a]" name="afterTest" is-config="true" duration-ms="581" started-at="2017-09-12T11:53:03Z" finished-at="2017-09-12T11:53:03Z">
          <reporter-output>
          </reporter-output>
        </test-method> <!-- afterTest -->
      </class> <!-- tests.NewTest -->
    </test> <!-- Default test -->
  </suite> <!-- Default suite -->
</testng-results>
